This file contains any messages produced by compilers while
running configure, to aid debugging if configure makes a mistake.

It was created by libnvstub configure 0.1, which was
generated by GNU Autoconf 2.69.  Invocation command line was

  $ ./configure 

## --------- ##
## Platform. ##
## --------- ##

hostname = twisty
uname -m = x86_64
uname -r = 4.2.0-040200-lowlatency
uname -s = Linux
uname -v = #201508301530 SMP PREEMPT Sun Aug 30 19:35:52 UTC 2015

/usr/bin/uname -p = unknown
/bin/uname -X     = unknown

/bin/arch              = unknown
/usr/bin/arch -k       = unknown
/usr/convex/getsysinfo = unknown
/usr/bin/hostinfo      = unknown
/bin/machine           = unknown
/usr/bin/oslevel       = unknown
/bin/universe          = unknown

PATH: /home/kleinerm/bin
PATH: /usr/local/sbin
PATH: /usr/local/bin
PATH: /usr/sbin
PATH: /usr/bin
PATH: /sbin
PATH: /bin
PATH: /usr/games
PATH: /usr/local/games


## ----------- ##
## Core tests. ##
## ----------- ##

configure:2401: checking for a BSD-compatible install
configure:2469: result: /usr/bin/install -c
configure:2480: checking whether build environment is sane
configure:2535: result: yes
configure:2686: checking for a thread-safe mkdir -p
configure:2725: result: /bin/mkdir -p
configure:2732: checking for gawk
configure:2748: found /usr/bin/gawk
configure:2759: result: gawk
configure:2770: checking whether make sets $(MAKE)
configure:2792: result: yes
configure:2821: checking whether make supports nested variables
configure:2838: result: yes
configure:2976: checking for style of include used by make
configure:3004: result: GNU
configure:3075: checking for gcc
configure:3091: found /usr/bin/gcc
configure:3102: result: gcc
configure:3331: checking for C compiler version
configure:3340: gcc --version >&5
gcc (Ubuntu 4.8.4-2ubuntu1~14.04) 4.8.4
Copyright (C) 2013 Free Software Foundation, Inc.
This is free software; see the source for copying conditions.  There is NO
warranty; not even for MERCHANTABILITY or FITNESS FOR A PARTICULAR PURPOSE.

configure:3351: $? = 0
configure:3340: gcc -v >&5
Using built-in specs.
COLLECT_GCC=gcc
COLLECT_LTO_WRAPPER=/usr/lib/gcc/x86_64-linux-gnu/4.8/lto-wrapper
Target: x86_64-linux-gnu
Configured with: ../src/configure -v --with-pkgversion='Ubuntu 4.8.4-2ubuntu1~14.04' --with-bugurl=file:///usr/share/doc/gcc-4.8/README.Bugs --enable-languages=c,c++,java,go,d,fortran,objc,obj-c++ --prefix=/usr --program-suffix=-4.8 --enable-shared --enable-linker-build-id --libexecdir=/usr/lib --without-included-gettext --enable-threads=posix --with-gxx-include-dir=/usr/include/c++/4.8 --libdir=/usr/lib --enable-nls --with-sysroot=/ --enable-clocale=gnu --enable-libstdcxx-debug --enable-libstdcxx-time=yes --enable-gnu-unique-object --disable-libmudflap --enable-plugin --with-system-zlib --disable-browser-plugin --enable-java-awt=gtk --enable-gtk-cairo --with-java-home=/usr/lib/jvm/java-1.5.0-gcj-4.8-amd64/jre --enable-java-home --with-jvm-root-dir=/usr/lib/jvm/java-1.5.0-gcj-4.8-amd64 --with-jvm-jar-dir=/usr/lib/jvm-exports/java-1.5.0-gcj-4.8-amd64 --with-arch-directory=amd64 --with-ecj-jar=/usr/share/java/eclipse-ecj.jar --enable-objc-gc --enable-multiarch --disable-werror --with-arch-32=i686 --with-abi=m64 --with-multilib-list=m32,m64,mx32 --with-tune=generic --enable-checking=release --build=x86_64-linux-gnu --host=x86_64-linux-gnu --target=x86_64-linux-gnu
Thread model: posix
gcc version 4.8.4 (Ubuntu 4.8.4-2ubuntu1~14.04) 
configure:3351: $? = 0
configure:3340: gcc -V >&5
gcc: error: unrecognized command line option '-V'
gcc: fatal error: no input files
compilation terminated.
configure:3351: $? = 4
configure:3340: gcc -qversion >&5
gcc: error: unrecognized command line option '-qversion'
gcc: fatal error: no input files
compilation terminated.
configure:3351: $? = 4
configure:3371: checking whether the C compiler works
configure:3393: gcc    conftest.c  >&5
configure:3397: $? = 0
configure:3445: result: yes
configure:3448: checking for C compiler default output file name
configure:3450: result: a.out
configure:3456: checking for suffix of executables
configure:3463: gcc -o conftest    conftest.c  >&5
configure:3467: $? = 0
configure:3489: result: 
configure:3511: checking whether we are cross compiling
configure:3519: gcc -o conftest    conftest.c  >&5
configure:3523: $? = 0
configure:3530: ./conftest
configure:3534: $? = 0
configure:3549: result: no
configure:3554: checking for suffix of object files
configure:3576: gcc -c   conftest.c >&5
configure:3580: $? = 0
configure:3601: result: o
configure:3605: checking whether we are using the GNU C compiler
configure:3624: gcc -c   conftest.c >&5
configure:3624: $? = 0
configure:3633: result: yes
configure:3642: checking whether gcc accepts -g
configure:3662: gcc -c -g  conftest.c >&5
configure:3662: $? = 0
configure:3703: result: yes
configure:3720: checking for gcc option to accept ISO C89
configure:3783: gcc  -c -g -O2  conftest.c >&5
configure:3783: $? = 0
configure:3796: result: none needed
configure:3821: checking whether gcc understands -c and -o together
configure:3843: gcc -c conftest.c -o conftest2.o
configure:3846: $? = 0
configure:3843: gcc -c conftest.c -o conftest2.o
configure:3846: $? = 0
configure:3858: result: yes
configure:3877: checking dependency style of gcc
configure:3988: result: gcc3
configure:4053: checking for ar
configure:4069: found /usr/bin/ar
configure:4080: result: ar
configure:4106: checking the archiver (ar) interface
configure:4122: gcc -c -g -O2  conftest.c >&5
configure:4122: $? = 0
configure:4124: ar cru libconftest.a conftest.o >&5
configure:4127: $? = 0
configure:4155: result: ar
configure:4205: checking build system type
configure:4219: result: x86_64-unknown-linux-gnu
configure:4239: checking host system type
configure:4252: result: x86_64-unknown-linux-gnu
configure:4293: checking how to print strings
configure:4320: result: printf
configure:4341: checking for a sed that does not truncate output
configure:4405: result: /bin/sed
configure:4423: checking for grep that handles long lines and -e
configure:4481: result: /bin/grep
configure:4486: checking for egrep
configure:4548: result: /bin/grep -E
configure:4553: checking for fgrep
configure:4615: result: /bin/grep -F
configure:4650: checking for ld used by gcc
configure:4717: result: /usr/bin/ld
configure:4724: checking if the linker (/usr/bin/ld) is GNU ld
configure:4739: result: yes
configure:4751: checking for BSD- or MS-compatible name lister (nm)
configure:4800: result: /usr/bin/nm -B
configure:4930: checking the name lister (/usr/bin/nm -B) interface
configure:4937: gcc -c -g -O2  conftest.c >&5
configure:4940: /usr/bin/nm -B "conftest.o"
configure:4943: output
0000000000000000 B some_variable
configure:4950: result: BSD nm
configure:4953: checking whether ln -s works
configure:4957: result: yes
configure:4965: checking the maximum length of command line arguments
configure:5096: result: 1572864
configure:5113: checking whether the shell understands some XSI constructs
configure:5123: result: yes
configure:5127: checking whether the shell understands "+="
configure:5133: result: yes
configure:5168: checking how to convert x86_64-unknown-linux-gnu file names to x86_64-unknown-linux-gnu format
configure:5208: result: func_convert_file_noop
configure:5215: checking how to convert x86_64-unknown-linux-gnu file names to toolchain format
configure:5235: result: func_convert_file_noop
configure:5242: checking for /usr/bin/ld option to reload object files
configure:5249: result: -r
configure:5323: checking for objdump
configure:5339: found /usr/bin/objdump
configure:5350: result: objdump
configure:5382: checking how to recognize dependent libraries
configure:5580: result: pass_all
configure:5665: checking for dlltool
configure:5695: result: no
configure:5725: checking how to associate runtime and link libraries
configure:5752: result: printf %s\n
configure:5876: checking for archiver @FILE support
configure:5893: gcc -c -g -O2  conftest.c >&5
configure:5893: $? = 0
configure:5896: ar cru libconftest.a @conftest.lst >&5
configure:5899: $? = 0
configure:5904: ar cru libconftest.a @conftest.lst >&5
ar: conftest.o: No such file or directory
configure:5907: $? = 1
configure:5919: result: @
configure:5977: checking for strip
configure:5993: found /usr/bin/strip
configure:6004: result: strip
configure:6076: checking for ranlib
configure:6092: found /usr/bin/ranlib
configure:6103: result: ranlib
configure:6205: checking command to parse /usr/bin/nm -B output from gcc object
configure:6325: gcc -c -g -O2  conftest.c >&5
configure:6328: $? = 0
configure:6332: /usr/bin/nm -B conftest.o \| sed -n -e 's/^.*[ ]\([ABCDGIRSTW][ABCDGIRSTW]*\)[ ][ ]*\([_A-Za-z][_A-Za-z0-9]*\)$/\1 \2 \2/p' | sed '/ __gnu_lto/d' \> conftest.nm
configure:6335: $? = 0
configure:6401: gcc -o conftest -g -O2   conftest.c conftstm.o >&5
configure:6404: $? = 0
configure:6442: result: ok
configure:6479: checking for sysroot
configure:6509: result: no
configure:6586: gcc -c -g -O2  conftest.c >&5
configure:6589: $? = 0
configure:6778: checking for mt
configure:6794: found /bin/mt
configure:6805: result: mt
configure:6828: checking if mt is a manifest tool
configure:6834: mt '-?'
configure:6842: result: no
configure:7484: checking how to run the C preprocessor
configure:7515: gcc -E  conftest.c
configure:7515: $? = 0
configure:7529: gcc -E  conftest.c
conftest.c:11:28: fatal error: ac_nonexistent.h: No such file or directory
 #include <ac_nonexistent.h>
                            ^
compilation terminated.
configure:7529: $? = 1
configure: failed program was:
| /* confdefs.h */
| #define PACKAGE_NAME "libnvstub"
| #define PACKAGE_TARNAME "libnvstub"
| #define PACKAGE_VERSION "0.1"
| #define PACKAGE_STRING "libnvstub 0.1"
| #define PACKAGE_BUGREPORT ""
| #define PACKAGE_URL ""
| #define PACKAGE "libnvstub"
| #define VERSION "0.1"
| /* end confdefs.h.  */
| #include <ac_nonexistent.h>
configure:7554: result: gcc -E
configure:7574: gcc -E  conftest.c
configure:7574: $? = 0
configure:7588: gcc -E  conftest.c
conftest.c:11:28: fatal error: ac_nonexistent.h: No such file or directory
 #include <ac_nonexistent.h>
                            ^
compilation terminated.
configure:7588: $? = 1
configure: failed program was:
| /* confdefs.h */
| #define PACKAGE_NAME "libnvstub"
| #define PACKAGE_TARNAME "libnvstub"
| #define PACKAGE_VERSION "0.1"
| #define PACKAGE_STRING "libnvstub 0.1"
| #define PACKAGE_BUGREPORT ""
| #define PACKAGE_URL ""
| #define PACKAGE "libnvstub"
| #define VERSION "0.1"
| /* end confdefs.h.  */
| #include <ac_nonexistent.h>
configure:7617: checking for ANSI C header files
configure:7637: gcc -c -g -O2  conftest.c >&5
configure:7637: $? = 0
configure:7710: gcc -o conftest -g -O2   conftest.c  >&5
configure:7710: $? = 0
configure:7710: ./conftest
configure:7710: $? = 0
configure:7721: result: yes
configure:7734: checking for sys/types.h
configure:7734: gcc -c -g -O2  conftest.c >&5
configure:7734: $? = 0
configure:7734: result: yes
configure:7734: checking for sys/stat.h
configure:7734: gcc -c -g -O2  conftest.c >&5
configure:7734: $? = 0
configure:7734: result: yes
configure:7734: checking for stdlib.h
configure:7734: gcc -c -g -O2  conftest.c >&5
configure:7734: $? = 0
configure:7734: result: yes
configure:7734: checking for string.h
configure:7734: gcc -c -g -O2  conftest.c >&5
configure:7734: $? = 0
configure:7734: result: yes
configure:7734: checking for memory.h
configure:7734: gcc -c -g -O2  conftest.c >&5
configure:7734: $? = 0
configure:7734: result: yes
configure:7734: checking for strings.h
configure:7734: gcc -c -g -O2  conftest.c >&5
configure:7734: $? = 0
configure:7734: result: yes
configure:7734: checking for inttypes.h
configure:7734: gcc -c -g -O2  conftest.c >&5
configure:7734: $? = 0
configure:7734: result: yes
configure:7734: checking for stdint.h
configure:7734: gcc -c -g -O2  conftest.c >&5
configure:7734: $? = 0
configure:7734: result: yes
configure:7734: checking for unistd.h
configure:7734: gcc -c -g -O2  conftest.c >&5
configure:7734: $? = 0
configure:7734: result: yes
configure:7748: checking for dlfcn.h
configure:7748: gcc -c -g -O2  conftest.c >&5
configure:7748: $? = 0
configure:7748: result: yes
configure:7954: checking for objdir
configure:7969: result: .libs
configure:8236: checking if gcc supports -fno-rtti -fno-exceptions
configure:8254: gcc -c -g -O2  -fno-rtti -fno-exceptions conftest.c >&5
cc1: warning: command line option '-fno-rtti' is valid for C++/ObjC++ but not for C [enabled by default]
configure:8258: $? = 0
configure:8271: result: no
configure:8598: checking for gcc option to produce PIC
configure:8605: result: -fPIC -DPIC
configure:8613: checking if gcc PIC flag -fPIC -DPIC works
configure:8631: gcc -c -g -O2  -fPIC -DPIC -DPIC conftest.c >&5
configure:8635: $? = 0
configure:8648: result: yes
configure:8677: checking if gcc static flag -static works
configure:8705: result: yes
configure:8720: checking if gcc supports -c -o file.o
configure:8741: gcc -c -g -O2  -o out/conftest2.o conftest.c >&5
configure:8745: $? = 0
configure:8767: result: yes
configure:8775: checking if gcc supports -c -o file.o
configure:8822: result: yes
configure:8855: checking whether the gcc linker (/usr/bin/ld -m elf_x86_64) supports shared libraries
configure:10012: result: yes
configure:10049: checking whether -lc should be explicitly linked in
configure:10057: gcc -c -g -O2  conftest.c >&5
configure:10060: $? = 0
configure:10075: gcc -shared  -fPIC -DPIC conftest.o  -v -Wl,-soname -Wl,conftest -o conftest 2\>\&1 \| /bin/grep  -lc  \>/dev/null 2\>\&1
configure:10078: $? = 0
configure:10092: result: no
configure:10252: checking dynamic linker characteristics
configure:10752: gcc -o conftest -g -O2   -Wl,-rpath -Wl,/foo conftest.c  >&5
configure:10752: $? = 0
configure:10986: result: GNU/Linux ld.so
configure:11093: checking how to hardcode library paths into programs
configure:11118: result: immediate
configure:11658: checking whether stripping libraries is possible
configure:11663: result: yes
configure:11698: checking if libtool supports shared libraries
configure:11700: result: yes
configure:11703: checking whether to build shared libraries
configure:11724: result: yes
configure:11727: checking whether to build static libraries
configure:11731: result: yes
configure:11824: checking for pkg-config
configure:11842: found /usr/bin/pkg-config
configure:11854: result: /usr/bin/pkg-config
configure:11879: checking pkg-config is at least version 0.9.0
configure:11882: result: yes
configure:11892: checking for LIBUSB
configure:11899: $PKG_CONFIG --exists --print-errors "libusb-1.0 >= 1.0.0"
configure:11902: $? = 0
configure:11916: $PKG_CONFIG --exists --print-errors "libusb-1.0 >= 1.0.0"
configure:11919: $? = 0
configure:11977: result: yes
configure:11983: checking for ILUT
configure:11990: $PKG_CONFIG --exists --print-errors "ILUT >= 1.7.0"
configure:11993: $? = 0
configure:12007: $PKG_CONFIG --exists --print-errors "ILUT >= 1.7.0"
configure:12010: $? = 0
configure:12068: result: yes
configure:12074: checking for ILU
configure:12081: $PKG_CONFIG --exists --print-errors "ILU >= 1.7.0"
configure:12084: $? = 0
configure:12098: $PKG_CONFIG --exists --print-errors "ILU >= 1.7.0"
configure:12101: $? = 0
configure:12159: result: yes
configure:12165: checking for IL
configure:12172: $PKG_CONFIG --exists --print-errors "IL >= 1.7.0"
configure:12175: $? = 0
configure:12189: $PKG_CONFIG --exists --print-errors "IL >= 1.7.0"
configure:12192: $? = 0
configure:12250: result: yes
configure:12256: checking for GL
configure:12263: $PKG_CONFIG --exists --print-errors "gl >= 7.7.0"
configure:12266: $? = 0
configure:12280: $PKG_CONFIG --exists --print-errors "gl >= 7.7.0"
configure:12283: $? = 0
configure:12341: result: yes
configure:12347: checking for X11
configure:12354: $PKG_CONFIG --exists --print-errors "x11 >= 1.3.2, xxf86vm >= 1.1.0"
configure:12357: $? = 0
configure:12371: $PKG_CONFIG --exists --print-errors "x11 >= 1.3.2, xxf86vm >= 1.1.0"
configure:12374: $? = 0
configure:12432: result: yes
configure:12436: checking for glutMainLoop in -lglut
configure:12461: gcc -o conftest -g -O2   conftest.c -lglut   >&5
configure:12461: $? = 0
configure:12470: result: yes
configure:12485: checking for stdint.h
configure:12485: result: yes
configure:12497: checking for stdbool.h that conforms to C99
configure:12564: gcc -c -g -O2  conftest.c >&5
configure:12564: $? = 0
configure:12571: result: yes
configure:12573: checking for _Bool
configure:12573: gcc -c -g -O2  conftest.c >&5
configure:12573: $? = 0
configure:12573: gcc -c -g -O2  conftest.c >&5
conftest.c: In function 'main':
conftest.c:61:20: error: expected expression before ')' token
 if (sizeof ((_Bool)))
                    ^
configure:12573: $? = 1
configure: failed program was:
| /* confdefs.h */
| #define PACKAGE_NAME "libnvstub"
| #define PACKAGE_TARNAME "libnvstub"
| #define PACKAGE_VERSION "0.1"
| #define PACKAGE_STRING "libnvstub 0.1"
| #define PACKAGE_BUGREPORT ""
| #define PACKAGE_URL ""
| #define PACKAGE "libnvstub"
| #define VERSION "0.1"
| #define STDC_HEADERS 1
| #define HAVE_SYS_TYPES_H 1
| #define HAVE_SYS_STAT_H 1
| #define HAVE_STDLIB_H 1
| #define HAVE_STRING_H 1
| #define HAVE_MEMORY_H 1
| #define HAVE_STRINGS_H 1
| #define HAVE_INTTYPES_H 1
| #define HAVE_STDINT_H 1
| #define HAVE_UNISTD_H 1
| #define HAVE_DLFCN_H 1
| #define LT_OBJDIR ".libs/"
| #define HAVE_LIBGLUT 1
| #define HAVE_STDINT_H 1
| /* end confdefs.h.  */
| #include <stdio.h>
| #ifdef HAVE_SYS_TYPES_H
| # include <sys/types.h>
| #endif
| #ifdef HAVE_SYS_STAT_H
| # include <sys/stat.h>
| #endif
| #ifdef STDC_HEADERS
| # include <stdlib.h>
| # include <stddef.h>
| #else
| # ifdef HAVE_STDLIB_H
| #  include <stdlib.h>
| # endif
| #endif
| #ifdef HAVE_STRING_H
| # if !defined STDC_HEADERS && defined HAVE_MEMORY_H
| #  include <memory.h>
| # endif
| # include <string.h>
| #endif
| #ifdef HAVE_STRINGS_H
| # include <strings.h>
| #endif
| #ifdef HAVE_INTTYPES_H
| # include <inttypes.h>
| #endif
| #ifdef HAVE_STDINT_H
| # include <stdint.h>
| #endif
| #ifdef HAVE_UNISTD_H
| # include <unistd.h>
| #endif
| int
| main ()
| {
| if (sizeof ((_Bool)))
| 	    return 0;
|   ;
|   return 0;
| }
configure:12573: result: yes
configure:12590: checking for uint32_t
configure:12590: gcc -c -g -O2  conftest.c >&5
configure:12590: $? = 0
configure:12590: result: yes
configure:12608: checking whether to enable debugging
configure:12621: result: yes
configure:12776: checking that generated files are newer than configure
configure:12782: result: done
configure:12805: creating ./config.status

## ---------------------- ##
## Running config.status. ##
## ---------------------- ##

This file was extended by libnvstub config.status 0.1, which was
generated by GNU Autoconf 2.69.  Invocation command line was

  CONFIG_FILES    = 
  CONFIG_HEADERS  = 
  CONFIG_LINKS    = 
  CONFIG_COMMANDS = 
  $ ./config.status 

on twisty

config.status:1022: creating Makefile
config.status:1022: creating src/Makefile
config.status:1022: creating tools/Makefile
config.status:1022: creating example/Makefile
config.status:1022: creating pkgconfig/libnvstusb.pc
config.status:1194: executing depfiles commands
config.status:1194: executing libtool commands

## ---------------- ##
## Cache variables. ##
## ---------------- ##

ac_cv_build=x86_64-unknown-linux-gnu
ac_cv_c_compiler_gnu=yes
ac_cv_c_uint32_t=yes
ac_cv_env_CC_set=
ac_cv_env_CC_value=
ac_cv_env_CFLAGS_set=
ac_cv_env_CFLAGS_value=
ac_cv_env_CPPFLAGS_set=
ac_cv_env_CPPFLAGS_value=
ac_cv_env_CPP_set=
ac_cv_env_CPP_value=
ac_cv_env_GL_CFLAGS_set=
ac_cv_env_GL_CFLAGS_value=
ac_cv_env_GL_LIBS_set=
ac_cv_env_GL_LIBS_value=
ac_cv_env_ILUT_CFLAGS_set=
ac_cv_env_ILUT_CFLAGS_value=
ac_cv_env_ILUT_LIBS_set=
ac_cv_env_ILUT_LIBS_value=
ac_cv_env_ILU_CFLAGS_set=
ac_cv_env_ILU_CFLAGS_value=
ac_cv_env_ILU_LIBS_set=
ac_cv_env_ILU_LIBS_value=
ac_cv_env_IL_CFLAGS_set=
ac_cv_env_IL_CFLAGS_value=
ac_cv_env_IL_LIBS_set=
ac_cv_env_IL_LIBS_value=
ac_cv_env_LDFLAGS_set=
ac_cv_env_LDFLAGS_value=
ac_cv_env_LIBS_set=
ac_cv_env_LIBS_value=
ac_cv_env_LIBUSB_CFLAGS_set=
ac_cv_env_LIBUSB_CFLAGS_value=
ac_cv_env_LIBUSB_LIBS_set=
ac_cv_env_LIBUSB_LIBS_value=
ac_cv_env_PKG_CONFIG_LIBDIR_set=
ac_cv_env_PKG_CONFIG_LIBDIR_value=
ac_cv_env_PKG_CONFIG_PATH_set=
ac_cv_env_PKG_CONFIG_PATH_value=
ac_cv_env_PKG_CONFIG_set=
ac_cv_env_PKG_CONFIG_value=
ac_cv_env_X11_CFLAGS_set=
ac_cv_env_X11_CFLAGS_value=
ac_cv_env_X11_LIBS_set=
ac_cv_env_X11_LIBS_value=
ac_cv_env_build_alias_set=
ac_cv_env_build_alias_value=
ac_cv_env_host_alias_set=
ac_cv_env_host_alias_value=
ac_cv_env_target_alias_set=
ac_cv_env_target_alias_value=
ac_cv_header_dlfcn_h=yes
ac_cv_header_inttypes_h=yes
ac_cv_header_memory_h=yes
ac_cv_header_stdbool_h=yes
ac_cv_header_stdc=yes
ac_cv_header_stdint_h=yes
ac_cv_header_stdlib_h=yes
ac_cv_header_string_h=yes
ac_cv_header_strings_h=yes
ac_cv_header_sys_stat_h=yes
ac_cv_header_sys_types_h=yes
ac_cv_header_unistd_h=yes
ac_cv_host=x86_64-unknown-linux-gnu
ac_cv_lib_glut_glutMainLoop=yes
ac_cv_objext=o
ac_cv_path_EGREP='/bin/grep -E'
ac_cv_path_FGREP='/bin/grep -F'
ac_cv_path_GREP=/bin/grep
ac_cv_path_SED=/bin/sed
ac_cv_path_ac_pt_PKG_CONFIG=/usr/bin/pkg-config
ac_cv_path_install='/usr/bin/install -c'
ac_cv_path_mkdir=/bin/mkdir
ac_cv_prog_AWK=gawk
ac_cv_prog_CPP='gcc -E'
ac_cv_prog_ac_ct_AR=ar
ac_cv_prog_ac_ct_CC=gcc
ac_cv_prog_ac_ct_MANIFEST_TOOL=mt
ac_cv_prog_ac_ct_OBJDUMP=objdump
ac_cv_prog_ac_ct_RANLIB=ranlib
ac_cv_prog_ac_ct_STRIP=strip
ac_cv_prog_cc_c89=
ac_cv_prog_cc_g=yes
ac_cv_prog_make_make_set=yes
ac_cv_type__Bool=yes
am_cv_CC_dependencies_compiler_type=gcc3
am_cv_ar_interface=ar
am_cv_make_support_nested_variables=yes
am_cv_prog_cc_c_o=yes
lt_cv_ar_at_file=@
lt_cv_archive_cmds_need_lc=no
lt_cv_deplibs_check_method=pass_all
lt_cv_file_magic_cmd='$MAGIC_CMD'
lt_cv_file_magic_test_file=
lt_cv_ld_reload_flag=-r
lt_cv_nm_interface='BSD nm'
lt_cv_objdir=.libs
lt_cv_path_LD=/usr/bin/ld
lt_cv_path_NM='/usr/bin/nm -B'
lt_cv_path_mainfest_tool=no
lt_cv_prog_compiler_c_o=yes
lt_cv_prog_compiler_pic='-fPIC -DPIC'
lt_cv_prog_compiler_pic_works=yes
lt_cv_prog_compiler_rtti_exceptions=no
lt_cv_prog_compiler_static_works=yes
lt_cv_prog_gnu_ld=yes
lt_cv_sharedlib_from_linklib_cmd='printf %s\n'
lt_cv_shlibpath_overrides_runpath=no
lt_cv_sys_global_symbol_pipe='sed -n -e '\''s/^.*[	 ]\([ABCDGIRSTW][ABCDGIRSTW]*\)[	 ][	 ]*\([_A-Za-z][_A-Za-z0-9]*\)$/\1 \2 \2/p'\'' | sed '\''/ __gnu_lto/d'\'''
lt_cv_sys_global_symbol_to_c_name_address='sed -n -e '\''s/^: \([^ ]*\)[ ]*$/  {\"\1\", (void *) 0},/p'\'' -e '\''s/^[ABCDGIRSTW]* \([^ ]*\) \([^ ]*\)$/  {"\2", (void *) \&\2},/p'\'''
lt_cv_sys_global_symbol_to_c_name_address_lib_prefix='sed -n -e '\''s/^: \([^ ]*\)[ ]*$/  {\"\1\", (void *) 0},/p'\'' -e '\''s/^[ABCDGIRSTW]* \([^ ]*\) \(lib[^ ]*\)$/  {"\2", (void *) \&\2},/p'\'' -e '\''s/^[ABCDGIRSTW]* \([^ ]*\) \([^ ]*\)$/  {"lib\2", (void *) \&\2},/p'\'''
lt_cv_sys_global_symbol_to_cdecl='sed -n -e '\''s/^T .* \(.*\)$/extern int \1();/p'\'' -e '\''s/^[ABCDGIRSTW]* .* \(.*\)$/extern char \1;/p'\'''
lt_cv_sys_max_cmd_len=1572864
lt_cv_to_host_file_cmd=func_convert_file_noop
lt_cv_to_tool_file_cmd=func_convert_file_noop
pkg_cv_GL_CFLAGS='-I/usr/local/include -I/usr/local/include/libdrm  '
pkg_cv_GL_LIBS='-lGL  '
pkg_cv_ILUT_CFLAGS=' '
pkg_cv_ILUT_LIBS='-ILU -lILUT -lIL  '
pkg_cv_ILU_CFLAGS=' '
pkg_cv_ILU_LIBS='-lILU -lIL  '
pkg_cv_IL_CFLAGS=' '
pkg_cv_IL_LIBS='-lIL  '
pkg_cv_LIBUSB_CFLAGS='-I/usr/include/libusb-1.0  '
pkg_cv_LIBUSB_LIBS='-lusb-1.0  '
pkg_cv_X11_CFLAGS=' '
pkg_cv_X11_LIBS='-lX11 -lXxf86vm  '

## ----------------- ##
## Output variables. ##
## ----------------- ##

ACLOCAL='${SHELL} /home/kleinerm/projects/OpenGLPsychtoolbox/Psychtoolbox-3/PsychSourceGL/Cohorts/libnvstusb-code-32/missing aclocal-1.14'
AMDEPBACKSLASH='\'
AMDEP_FALSE='#'
AMDEP_TRUE=''
AMTAR='$${TAR-tar}'
AM_BACKSLASH='\'
AM_DEFAULT_V='$(AM_DEFAULT_VERBOSITY)'
AM_DEFAULT_VERBOSITY='1'
AM_V='$(V)'
AR='ar'
AUTOCONF='${SHELL} /home/kleinerm/projects/OpenGLPsychtoolbox/Psychtoolbox-3/PsychSourceGL/Cohorts/libnvstusb-code-32/missing autoconf'
AUTOHEADER='${SHELL} /home/kleinerm/projects/OpenGLPsychtoolbox/Psychtoolbox-3/PsychSourceGL/Cohorts/libnvstusb-code-32/missing autoheader'
AUTOMAKE='${SHELL} /home/kleinerm/projects/OpenGLPsychtoolbox/Psychtoolbox-3/PsychSourceGL/Cohorts/libnvstusb-code-32/missing automake-1.14'
AWK='gawk'
CC='gcc'
CCDEPMODE='depmode=gcc3'
CFLAGS='-Werror -std=gnu99 -g -DNVSTUSB_DEBUG'
CPP='gcc -E'
CPPFLAGS=''
CYGPATH_W='echo'
DEFS='-DPACKAGE_NAME=\"libnvstub\" -DPACKAGE_TARNAME=\"libnvstub\" -DPACKAGE_VERSION=\"0.1\" -DPACKAGE_STRING=\"libnvstub\ 0.1\" -DPACKAGE_BUGREPORT=\"\" -DPACKAGE_URL=\"\" -DPACKAGE=\"libnvstub\" -DVERSION=\"0.1\" -DSTDC_HEADERS=1 -DHAVE_SYS_TYPES_H=1 -DHAVE_SYS_STAT_H=1 -DHAVE_STDLIB_H=1 -DHAVE_STRING_H=1 -DHAVE_MEMORY_H=1 -DHAVE_STRINGS_H=1 -DHAVE_INTTYPES_H=1 -DHAVE_STDINT_H=1 -DHAVE_UNISTD_H=1 -DHAVE_DLFCN_H=1 -DLT_OBJDIR=\".libs/\" -DHAVE_LIBGLUT=1 -DHAVE_STDINT_H=1 -DHAVE__BOOL=1 -DHAVE_STDBOOL_H=1'
DEPDIR='.deps'
DLLTOOL='false'
DSYMUTIL=''
DUMPBIN=''
ECHO_C=''
ECHO_N='-n'
ECHO_T=''
EGREP='/bin/grep -E'
EXEEXT=''
FGREP='/bin/grep -F'
GL_CFLAGS='-I/usr/local/include -I/usr/local/include/libdrm  '
GL_LIBS='-lGL  '
GREP='/bin/grep'
ILUT_CFLAGS=' '
ILUT_LIBS='-ILU -lILUT -lIL  '
ILU_CFLAGS=' '
ILU_LIBS='-lILU -lIL  '
IL_CFLAGS=' '
IL_LIBS='-lIL  '
INSTALL_DATA='${INSTALL} -m 644'
INSTALL_PROGRAM='${INSTALL}'
INSTALL_SCRIPT='${INSTALL}'
INSTALL_STRIP_PROGRAM='$(install_sh) -c -s'
LD='/usr/bin/ld -m elf_x86_64'
LDFLAGS=''
LIBOBJS=''
LIBS='-lglut '
LIBTOOL='$(SHELL) $(top_builddir)/libtool'
LIBUSB_CFLAGS='-I/usr/include/libusb-1.0  '
LIBUSB_LIBS='-lusb-1.0  '
LIPO=''
LN_S='ln -s'
LTLIBOBJS=''
MAKEINFO='${SHELL} /home/kleinerm/projects/OpenGLPsychtoolbox/Psychtoolbox-3/PsychSourceGL/Cohorts/libnvstusb-code-32/missing makeinfo'
MANIFEST_TOOL=':'
MKDIR_P='/bin/mkdir -p'
NM='/usr/bin/nm -B'
NMEDIT=''
OBJDUMP='objdump'
OBJEXT='o'
OTOOL64=''
OTOOL=''
PACKAGE='libnvstub'
PACKAGE_BUGREPORT=''
PACKAGE_NAME='libnvstub'
PACKAGE_STRING='libnvstub 0.1'
PACKAGE_TARNAME='libnvstub'
PACKAGE_URL=''
PACKAGE_VERSION='0.1'
PATH_SEPARATOR=':'
PKG_CONFIG='/usr/bin/pkg-config'
PKG_CONFIG_LIBDIR=''
PKG_CONFIG_PATH=''
RANLIB='ranlib'
SED='/bin/sed'
SET_MAKE=''
SHELL='/bin/bash'
STRIP='strip'
VERSION='0.1'
X11_CFLAGS=' '
X11_LIBS='-lX11 -lXxf86vm  '
ac_ct_AR='ar'
ac_ct_CC='gcc'
ac_ct_DUMPBIN=''
am__EXEEXT_FALSE=''
am__EXEEXT_TRUE='#'
am__fastdepCC_FALSE='#'
am__fastdepCC_TRUE=''
am__include='include'
am__isrc=''
am__leading_dot='.'
am__nodep='_no'
am__quote=''
am__tar='$${TAR-tar} chof - "$$tardir"'
am__untar='$${TAR-tar} xf -'
bindir='${exec_prefix}/bin'
build='x86_64-unknown-linux-gnu'
build_alias=''
build_cpu='x86_64'
build_os='linux-gnu'
build_vendor='unknown'
datadir='${datarootdir}'
datarootdir='${prefix}/share'
docdir='${datarootdir}/doc/${PACKAGE_TARNAME}'
dvidir='${docdir}'
exec_prefix='${prefix}'
host='x86_64-unknown-linux-gnu'
host_alias=''
host_cpu='x86_64'
host_os='linux-gnu'
host_vendor='unknown'
htmldir='${docdir}'
includedir='${prefix}/include'
infodir='${datarootdir}/info'
install_sh='${SHELL} /home/kleinerm/projects/OpenGLPsychtoolbox/Psychtoolbox-3/PsychSourceGL/Cohorts/libnvstusb-code-32/install-sh'
libdir='${exec_prefix}/lib'
libexecdir='${exec_prefix}/libexec'
localedir='${datarootdir}/locale'
localstatedir='${prefix}/var'
mandir='${datarootdir}/man'
mkdir_p='$(MKDIR_P)'
oldincludedir='/usr/include'
pdfdir='${docdir}'
prefix='/usr/local'
program_transform_name='s,x,x,'
psdir='${docdir}'
sbindir='${exec_prefix}/sbin'
sharedstatedir='${prefix}/com'
sysconfdir='${prefix}/etc'
target_alias=''

## ----------- ##
## confdefs.h. ##
## ----------- ##

/* confdefs.h */
#define PACKAGE_NAME "libnvstub"
#define PACKAGE_TARNAME "libnvstub"
#define PACKAGE_VERSION "0.1"
#define PACKAGE_STRING "libnvstub 0.1"
#define PACKAGE_BUGREPORT ""
#define PACKAGE_URL ""
#define PACKAGE "libnvstub"
#define VERSION "0.1"
#define STDC_HEADERS 1
#define HAVE_SYS_TYPES_H 1
#define HAVE_SYS_STAT_H 1
#define HAVE_STDLIB_H 1
#define HAVE_STRING_H 1
#define HAVE_MEMORY_H 1
#define HAVE_STRINGS_H 1
#define HAVE_INTTYPES_H 1
#define HAVE_STDINT_H 1
#define HAVE_UNISTD_H 1
#define HAVE_DLFCN_H 1
#define LT_OBJDIR ".libs/"
#define HAVE_LIBGLUT 1
#define HAVE_STDINT_H 1
#define HAVE__BOOL 1
#define HAVE_STDBOOL_H 1

configure: exit 0

## ---------------------- ##
## Running config.status. ##
## ---------------------- ##

This file was extended by libnvstub config.status 0.1, which was
generated by GNU Autoconf 2.69.  Invocation command line was

  CONFIG_FILES    = 
  CONFIG_HEADERS  = 
  CONFIG_LINKS    = 
  CONFIG_COMMANDS = 
  $ ./config.status example/Makefile depfiles

on twisty

config.status:1022: creating example/Makefile
config.status:1194: executing depfiles commands

## ---------------------- ##
## Running config.status. ##
## ---------------------- ##

This file was extended by libnvstub config.status 0.1, which was
generated by GNU Autoconf 2.69.  Invocation command line was

  CONFIG_FILES    = 
  CONFIG_HEADERS  = 
  CONFIG_LINKS    = 
  CONFIG_COMMANDS = 
  $ ./config.status example/Makefile depfiles

on twisty

config.status:1022: creating example/Makefile
config.status:1194: executing depfiles commands
